2019-06-09|18:34:23.253 [main] ERROR o.s.b.c.l.LoggingApplicationListener ~ Cannot set level: ALL for 'null'

  .   ____          _            __ _ _
 /\\ / ___'_ __ _ _(_)_ __  __ _ \ \ \ \
( ( )\___ | '_ | '_| | '_ \/ _` | \ \ \ \
 \\/  ___)| |_)| | | | | || (_| |  ) ) ) )
  '  |____| .__|_| |_|_| |_\__, | / / / /
 =========|_|==============|___/=/_/_/_/
 :: Spring Boot ::        (v2.0.4.RELEASE)

2019-06-09|18:34:23.286 [background-preinit] DEBUG o.h.v.m.ResourceBundleMessageInterpolator ~ Loaded expression factory via original TCCL
2019-06-09|18:34:23.296 [background-preinit] DEBUG o.h.v.i.engine.ValidatorFactoryImpl ~ HV000234: Using org.hibernate.validator.messageinterpolation.ResourceBundleMessageInterpolator as ValidatorFactory-scoped message interpolator.
2019-06-09|18:34:23.296 [background-preinit] DEBUG o.h.v.i.engine.ValidatorFactoryImpl ~ HV000234: Using org.hibernate.validator.internal.engine.resolver.JPATraversableResolver as ValidatorFactory-scoped traversable resolver.
2019-06-09|18:34:23.296 [background-preinit] DEBUG o.h.v.i.engine.ValidatorFactoryImpl ~ HV000234: Using org.hibernate.validator.internal.util.ExecutableParameterNameProvider as ValidatorFactory-scoped parameter name provider.
2019-06-09|18:34:23.296 [background-preinit] DEBUG o.h.v.i.engine.ValidatorFactoryImpl ~ HV000234: Using org.hibernate.validator.internal.engine.DefaultClockProvider as ValidatorFactory-scoped clock provider.
2019-06-09|18:34:23.296 [background-preinit] DEBUG o.h.v.i.engine.ValidatorFactoryImpl ~ HV000234: Using org.hibernate.validator.internal.engine.scripting.DefaultScriptEvaluatorFactory as ValidatorFactory-scoped script evaluator factory.
2019-06-09|18:34:23.405 [main] INFO  c.userSrvc.server.ServerApplication ~ Starting ServerApplication v0.0.1-SNAPSHOT on jozsef-HP-Z620-Workstation with PID 6459 (/home/jozsef/projects/UserServer/server/target/server-0.0.1-SNAPSHOT.jar started by jozsef in /home/jozsef/projects/UserServer/server)
2019-06-09|18:34:23.406 [main] INFO  c.userSrvc.server.ServerApplication ~ The following profiles are active: jozsefcloud
2019-06-09|18:34:23.471 [main] INFO  o.s.b.w.s.c.AnnotationConfigServletWebServerApplicationContext ~ Refreshing org.springframework.boot.web.servlet.context.AnnotationConfigServletWebServerApplicationContext@3ac42916: startup date [Sun Jun 09 18:34:23 EDT 2019]; root of context hierarchy
2019-06-09|18:34:25.200 [main] INFO  c.u.j.c.EnableEncryptablePropertiesBeanFactoryPostProcessor ~ Post-processing PropertySource instances
2019-06-09|18:34:25.284 [main] INFO  c.u.j.EncryptablePropertySourceConverter ~ Converting PropertySource configurationProperties [org.springframework.boot.context.properties.source.ConfigurationPropertySourcesPropertySource] to AOP Proxy
2019-06-09|18:34:25.284 [main] INFO  c.u.j.EncryptablePropertySourceConverter ~ Converting PropertySource servletConfigInitParams [org.springframework.core.env.PropertySource$StubPropertySource] to EncryptablePropertySourceWrapper
2019-06-09|18:34:25.284 [main] INFO  c.u.j.EncryptablePropertySourceConverter ~ Converting PropertySource servletContextInitParams [org.springframework.core.env.PropertySource$StubPropertySource] to EncryptablePropertySourceWrapper
2019-06-09|18:34:25.284 [main] INFO  c.u.j.EncryptablePropertySourceConverter ~ Converting PropertySource systemProperties [org.springframework.core.env.MapPropertySource] to EncryptableMapPropertySourceWrapper
2019-06-09|18:34:25.285 [main] INFO  c.u.j.EncryptablePropertySourceConverter ~ Converting PropertySource systemEnvironment [org.springframework.boot.env.SystemEnvironmentPropertySourceEnvironmentPostProcessor$OriginAwareSystemEnvironmentPropertySource] to EncryptableMapPropertySourceWrapper
2019-06-09|18:34:25.285 [main] INFO  c.u.j.EncryptablePropertySourceConverter ~ Converting PropertySource random [org.springframework.boot.env.RandomValuePropertySource] to EncryptablePropertySourceWrapper
2019-06-09|18:34:25.285 [main] INFO  c.u.j.EncryptablePropertySourceConverter ~ Converting PropertySource applicationConfig: [classpath:/application-jozsefcloud.properties] [org.springframework.boot.env.OriginTrackedMapPropertySource] to EncryptableMapPropertySourceWrapper
2019-06-09|18:34:25.285 [main] INFO  c.u.j.EncryptablePropertySourceConverter ~ Converting PropertySource applicationConfig: [classpath:/application.properties] [org.springframework.boot.env.OriginTrackedMapPropertySource] to EncryptableMapPropertySourceWrapper
2019-06-09|18:34:25.479 [main] INFO  o.s.c.s.PostProcessorRegistrationDelegate$BeanPostProcessorChecker ~ Bean 'org.springframework.transaction.annotation.ProxyTransactionManagementConfiguration' of type [org.springframework.transaction.annotation.ProxyTransactionManagementConfiguration$$EnhancerBySpringCGLIB$$bbc59ef2] is not eligible for getting processed by all BeanPostProcessors (for example: not eligible for auto-proxying)
2019-06-09|18:34:25.613 [main] INFO  c.u.j.r.DefaultLazyPropertyResolver ~ Property Resolver custom Bean not found with name 'encryptablePropertyResolver'. Initializing Default Property Resolver
2019-06-09|18:34:25.615 [main] INFO  c.u.j.d.DefaultLazyPropertyDetector ~ Property Detector custom Bean not found with name 'encryptablePropertyDetector'. Initializing Default Property Detector
2019-06-09|18:34:26.294 [main] INFO  o.s.b.w.e.tomcat.TomcatWebServer ~ Tomcat initialized with port(s): 7005 (http)
2019-06-09|18:34:26.326 [main] INFO  o.a.catalina.core.StandardService ~ Starting service [Tomcat]
2019-06-09|18:34:26.326 [main] INFO  o.a.catalina.core.StandardEngine ~ Starting Servlet Engine: Apache Tomcat/8.5.32
2019-06-09|18:34:26.338 [localhost-startStop-1] INFO  o.a.c.core.AprLifecycleListener ~ The APR based Apache Tomcat Native library which allows optimal performance in production environments was not found on the java.library.path: [/u01/app/oracle/product/11.2.0/xe/lib::/usr/java/packages/lib/amd64:/usr/lib64:/lib64:/lib:/usr/lib]
2019-06-09|18:34:26.418 [localhost-startStop-1] INFO  o.a.c.c.C.[.[localhost].[/usvc] ~ Initializing Spring embedded WebApplicationContext
2019-06-09|18:34:27.308 [localhost-startStop-1] INFO  o.s.b.w.s.FilterRegistrationBean ~ Mapping filter: 'characterEncodingFilter' to: [/*]
2019-06-09|18:34:27.308 [localhost-startStop-1] INFO  o.s.b.w.s.FilterRegistrationBean ~ Mapping filter: 'webMvcMetricsFilter' to: [/*]
2019-06-09|18:34:27.308 [localhost-startStop-1] INFO  o.s.b.w.s.FilterRegistrationBean ~ Mapping filter: 'hiddenHttpMethodFilter' to: [/*]
2019-06-09|18:34:27.309 [localhost-startStop-1] INFO  o.s.b.w.s.FilterRegistrationBean ~ Mapping filter: 'httpPutFormContentFilter' to: [/*]
2019-06-09|18:34:27.309 [localhost-startStop-1] INFO  o.s.b.w.s.FilterRegistrationBean ~ Mapping filter: 'requestContextFilter' to: [/*]
2019-06-09|18:34:27.309 [localhost-startStop-1] INFO  o.s.b.w.s.FilterRegistrationBean ~ Mapping filter: 'httpTraceFilter' to: [/*]
2019-06-09|18:34:27.309 [localhost-startStop-1] INFO  o.s.b.w.s.ServletRegistrationBean ~ Servlet dispatcherServlet mapped to [/]
2019-06-09|18:34:27.436 [main] INFO  com.zaxxer.hikari.HikariDataSource ~ HikariPool-1 - Starting...
2019-06-09|18:34:32.767 [main] ERROR com.zaxxer.hikari.pool.HikariPool ~ HikariPool-1 - Exception during pool initialization.
com.mysql.jdbc.exceptions.jdbc4.MySQLNonTransientConnectionException: Could not create connection to database server. Attempted reconnect 3 times. Giving up.
	at sun.reflect.NativeConstructorAccessorImpl.newInstance0(Native Method)
	at sun.reflect.NativeConstructorAccessorImpl.newInstance(NativeConstructorAccessorImpl.java:62)
	at sun.reflect.DelegatingConstructorAccessorImpl.newInstance(DelegatingConstructorAccessorImpl.java:45)
	at java.lang.reflect.Constructor.newInstance(Constructor.java:423)
	at com.mysql.jdbc.Util.handleNewInstance(Util.java:425)
	at com.mysql.jdbc.Util.getInstance(Util.java:408)
	at com.mysql.jdbc.SQLError.createSQLException(SQLError.java:919)
	at com.mysql.jdbc.SQLError.createSQLException(SQLError.java:898)
	at com.mysql.jdbc.SQLError.createSQLException(SQLError.java:887)
	at com.mysql.jdbc.SQLError.createSQLException(SQLError.java:861)
	at com.mysql.jdbc.ConnectionImpl.connectWithRetries(ConnectionImpl.java:2105)
	at com.mysql.jdbc.ConnectionImpl.createNewIO(ConnectionImpl.java:2030)
	at com.mysql.jdbc.ConnectionImpl.<init>(ConnectionImpl.java:778)
	at com.mysql.jdbc.JDBC4Connection.<init>(JDBC4Connection.java:47)
	at sun.reflect.NativeConstructorAccessorImpl.newInstance0(Native Method)
	at sun.reflect.NativeConstructorAccessorImpl.newInstance(NativeConstructorAccessorImpl.java:62)
	at sun.reflect.DelegatingConstructorAccessorImpl.newInstance(DelegatingConstructorAccessorImpl.java:45)
	at java.lang.reflect.Constructor.newInstance(Constructor.java:423)
	at com.mysql.jdbc.Util.handleNewInstance(Util.java:425)
	at com.mysql.jdbc.ConnectionImpl.getInstance(ConnectionImpl.java:386)
	at com.mysql.jdbc.NonRegisteringDriver.connect(NonRegisteringDriver.java:330)
	at com.zaxxer.hikari.util.DriverDataSource.getConnection(DriverDataSource.java:117)
	at com.zaxxer.hikari.util.DriverDataSource.getConnection(DriverDataSource.java:123)
	at com.zaxxer.hikari.pool.PoolBase.newConnection(PoolBase.java:365)
	at com.zaxxer.hikari.pool.PoolBase.newPoolEntry(PoolBase.java:194)
	at com.zaxxer.hikari.pool.HikariPool.createPoolEntry(HikariPool.java:460)
	at com.zaxxer.hikari.pool.HikariPool.checkFailFast(HikariPool.java:534)
	at com.zaxxer.hikari.pool.HikariPool.<init>(HikariPool.java:115)
	at com.zaxxer.hikari.HikariDataSource.getConnection(HikariDataSource.java:112)
	at org.springframework.jdbc.datasource.DataSourceUtils.fetchConnection(DataSourceUtils.java:151)
	at org.springframework.jdbc.datasource.DataSourceUtils.doGetConnection(DataSourceUtils.java:115)
	at org.springframework.jdbc.datasource.DataSourceUtils.getConnection(DataSourceUtils.java:78)
	at org.springframework.jdbc.support.JdbcUtils.extractDatabaseMetaData(JdbcUtils.java:319)
	at org.springframework.jdbc.support.JdbcUtils.extractDatabaseMetaData(JdbcUtils.java:356)
	at org.springframework.boot.autoconfigure.orm.jpa.DatabaseLookup.getDatabase(DatabaseLookup.java:72)
	at org.springframework.boot.autoconfigure.orm.jpa.JpaProperties.determineDatabase(JpaProperties.java:166)
	at org.springframework.boot.autoconfigure.orm.jpa.JpaBaseConfiguration.jpaVendorAdapter(JpaBaseConfiguration.java:111)
	at org.springframework.boot.autoconfigure.orm.jpa.HibernateJpaConfiguration$$EnhancerBySpringCGLIB$$da9c6161.CGLIB$jpaVendorAdapter$5(<generated>)
	at org.springframework.boot.autoconfigure.orm.jpa.HibernateJpaConfiguration$$EnhancerBySpringCGLIB$$da9c6161$$FastClassBySpringCGLIB$$8461ad6c.invoke(<generated>)
	at org.springframework.cglib.proxy.MethodProxy.invokeSuper(MethodProxy.java:228)
	at org.springframework.context.annotation.ConfigurationClassEnhancer$BeanMethodInterceptor.intercept(ConfigurationClassEnhancer.java:361)
	at org.springframework.boot.autoconfigure.orm.jpa.HibernateJpaConfiguration$$EnhancerBySpringCGLIB$$da9c6161.jpaVendorAdapter(<generated>)
	at sun.reflect.NativeMethodAccessorImpl.invoke0(Native Method)
	at sun.reflect.NativeMethodAccessorImpl.invoke(NativeMethodAccessorImpl.java:62)
	at sun.reflect.DelegatingMethodAccessorImpl.invoke(DelegatingMethodAccessorImpl.java:43)
	at java.lang.reflect.Method.invoke(Method.java:498)
	at org.springframework.beans.factory.support.SimpleInstantiationStrategy.instantiate(SimpleInstantiationStrategy.java:154)
	at org.springframework.beans.factory.support.ConstructorResolver.instantiateUsingFactoryMethod(ConstructorResolver.java:582)
	at org.springframework.beans.factory.support.AbstractAutowireCapableBeanFactory.instantiateUsingFactoryMethod(AbstractAutowireCapableBeanFactory.java:1247)
	at org.springframework.beans.factory.support.AbstractAutowireCapableBeanFactory.createBeanInstance(AbstractAutowireCapableBeanFactory.java:1096)
	at org.springframework.beans.factory.support.AbstractAutowireCapableBeanFactory.doCreateBean(AbstractAutowireCapableBeanFactory.java:535)
	at org.springframework.beans.factory.support.AbstractAutowireCapableBeanFactory.createBean(AbstractAutowireCapableBeanFactory.java:495)
	at org.springframework.beans.factory.support.AbstractBeanFactory.lambda$doGetBean$0(AbstractBeanFactory.java:317)
	at org.springframework.beans.factory.support.DefaultSingletonBeanRegistry.getSingleton(DefaultSingletonBeanRegistry.java:222)
	at org.springframework.beans.factory.support.AbstractBeanFactory.doGetBean(AbstractBeanFactory.java:315)
	at org.springframework.beans.factory.support.AbstractBeanFactory.getBean(AbstractBeanFactory.java:199)
	at org.springframework.beans.factory.config.DependencyDescriptor.resolveCandidate(DependencyDescriptor.java:251)
	at org.springframework.beans.factory.support.DefaultListableBeanFactory.doResolveDependency(DefaultListableBeanFactory.java:1135)
	at org.springframework.beans.factory.support.DefaultListableBeanFactory.resolveDependency(DefaultListableBeanFactory.java:1062)
	at org.springframework.beans.factory.support.ConstructorResolver.resolveAutowiredArgument(ConstructorResolver.java:818)
	at org.springframework.beans.factory.support.ConstructorResolver.createArgumentArray(ConstructorResolver.java:724)
	at org.springframework.beans.factory.support.ConstructorResolver.instantiateUsingFactoryMethod(ConstructorResolver.java:474)
	at org.springframework.beans.factory.support.AbstractAutowireCapableBeanFactory.instantiateUsingFactoryMethod(AbstractAutowireCapableBeanFactory.java:1247)
	at org.springframework.beans.factory.support.AbstractAutowireCapableBeanFactory.createBeanInstance(AbstractAutowireCapableBeanFactory.java:1096)
	at org.springframework.beans.factory.support.AbstractAutowireCapableBeanFactory.doCreateBean(AbstractAutowireCapableBeanFactory.java:535)
	at org.springframework.beans.factory.support.AbstractAutowireCapableBeanFactory.createBean(AbstractAutowireCapableBeanFactory.java:495)
	at org.springframework.beans.factory.support.AbstractBeanFactory.lambda$doGetBean$0(AbstractBeanFactory.java:317)
	at org.springframework.beans.factory.support.DefaultSingletonBeanRegistry.getSingleton(DefaultSingletonBeanRegistry.java:222)
	at org.springframework.beans.factory.support.AbstractBeanFactory.doGetBean(AbstractBeanFactory.java:315)
	at org.springframework.beans.factory.support.AbstractBeanFactory.getBean(AbstractBeanFactory.java:199)
	at org.springframework.beans.factory.config.DependencyDescriptor.resolveCandidate(DependencyDescriptor.java:251)
	at org.springframework.beans.factory.support.DefaultListableBeanFactory.doResolveDependency(DefaultListableBeanFactory.java:1135)
	at org.springframework.beans.factory.support.DefaultListableBeanFactory.resolveDependency(DefaultListableBeanFactory.java:1062)
	at org.springframework.beans.factory.support.ConstructorResolver.resolveAutowiredArgument(ConstructorResolver.java:818)
	at org.springframework.beans.factory.support.ConstructorResolver.createArgumentArray(ConstructorResolver.java:724)
	at org.springframework.beans.factory.support.ConstructorResolver.instantiateUsingFactoryMethod(ConstructorResolver.java:474)
	at org.springframework.beans.factory.support.AbstractAutowireCapableBeanFactory.instantiateUsingFactoryMethod(AbstractAutowireCapableBeanFactory.java:1247)
	at org.springframework.beans.factory.support.AbstractAutowireCapableBeanFactory.createBeanInstance(AbstractAutowireCapableBeanFactory.java:1096)
	at org.springframework.beans.factory.support.AbstractAutowireCapableBeanFactory.doCreateBean(AbstractAutowireCapableBeanFactory.java:535)
	at org.springframework.beans.factory.support.AbstractAutowireCapableBeanFactory.createBean(AbstractAutowireCapableBeanFactory.java:495)
	at org.springframework.beans.factory.support.AbstractBeanFactory.lambda$doGetBean$0(AbstractBeanFactory.java:317)
	at org.springframework.beans.factory.support.DefaultSingletonBeanRegistry.getSingleton(DefaultSingletonBeanRegistry.java:222)
	at org.springframework.beans.factory.support.AbstractBeanFactory.doGetBean(AbstractBeanFactory.java:315)
	at org.springframework.beans.factory.support.AbstractBeanFactory.getBean(AbstractBeanFactory.java:199)
	at org.springframework.context.support.AbstractApplicationContext.getBean(AbstractApplicationContext.java:1089)
	at org.springframework.context.support.AbstractApplicationContext.finishBeanFactoryInitialization(AbstractApplicationContext.java:859)
	at org.springframework.context.support.AbstractApplicationContext.refresh(AbstractApplicationContext.java:550)
	at org.springframework.boot.web.servlet.context.ServletWebServerApplicationContext.refresh(ServletWebServerApplicationContext.java:140)
	at org.springframework.boot.SpringApplication.refresh(SpringApplication.java:762)
	at org.springframework.boot.SpringApplication.refreshContext(SpringApplication.java:398)
	at org.springframework.boot.SpringApplication.run(SpringApplication.java:330)
	at com.userSrvc.server.ServerApplication.mySqlLocalSetup(ServerApplication.java:65)
	at com.userSrvc.server.ServerApplication.main(ServerApplication.java:83)
	at sun.reflect.NativeMethodAccessorImpl.invoke0(Native Method)
	at sun.reflect.NativeMethodAccessorImpl.invoke(NativeMethodAccessorImpl.java:62)
	at sun.reflect.DelegatingMethodAccessorImpl.invoke(DelegatingMethodAccessorImpl.java:43)
	at java.lang.reflect.Method.invoke(Method.java:498)
	at org.springframework.boot.loader.MainMethodRunner.run(MainMethodRunner.java:48)
	at org.springframework.boot.loader.Launcher.launch(Launcher.java:87)
	at org.springframework.boot.loader.Launcher.launch(Launcher.java:50)
	at org.springframework.boot.loader.JarLauncher.main(JarLauncher.java:51)
Caused by: java.sql.SQLException: null,  message from server: "Host '32.215.159.32' is not allowed to connect to this MySQL server"
	at com.mysql.jdbc.SQLError.createSQLException(SQLError.java:965)
	at com.mysql.jdbc.SQLError.createSQLException(SQLError.java:898)
	at com.mysql.jdbc.SQLError.createSQLException(SQLError.java:887)
	at com.mysql.jdbc.MysqlIO.doHandshake(MysqlIO.java:1038)
	at com.mysql.jdbc.ConnectionImpl.coreConnect(ConnectionImpl.java:2199)
	at com.mysql.jdbc.ConnectionImpl.connectWithRetries(ConnectionImpl.java:2046)
	... 90 common frames omitted
2019-06-09|18:34:32.771 [main] WARN  o.s.b.a.orm.jpa.DatabaseLookup ~ Unable to determine jdbc url from datasource
org.springframework.jdbc.support.MetaDataAccessException: Could not get Connection for extracting meta-data; nested exception is org.springframework.jdbc.CannotGetJdbcConnectionException: Failed to obtain JDBC Connection; nested exception is com.mysql.jdbc.exceptions.jdbc4.MySQLNonTransientConnectionException: Could not create connection to database server. Attempted reconnect 3 times. Giving up.
	at org.springframework.jdbc.support.JdbcUtils.extractDatabaseMetaData(JdbcUtils.java:328)
	at org.springframework.jdbc.support.JdbcUtils.extractDatabaseMetaData(JdbcUtils.java:356)
	at org.springframework.boot.autoconfigure.orm.jpa.DatabaseLookup.getDatabase(DatabaseLookup.java:72)
	at org.springframework.boot.autoconfigure.orm.jpa.JpaProperties.determineDatabase(JpaProperties.java:166)
	at org.springframework.boot.autoconfigure.orm.jpa.JpaBaseConfiguration.jpaVendorAdapter(JpaBaseConfiguration.java:111)
	at org.springframework.boot.autoconfigure.orm.jpa.HibernateJpaConfiguration$$EnhancerBySpringCGLIB$$da9c6161.CGLIB$jpaVendorAdapter$5(<generated>)
	at org.springframework.boot.autoconfigure.orm.jpa.HibernateJpaConfiguration$$EnhancerBySpringCGLIB$$da9c6161$$FastClassBySpringCGLIB$$8461ad6c.invoke(<generated>)
	at org.springframework.cglib.proxy.MethodProxy.invokeSuper(MethodProxy.java:228)
	at org.springframework.context.annotation.ConfigurationClassEnhancer$BeanMethodInterceptor.intercept(ConfigurationClassEnhancer.java:361)
	at org.springframework.boot.autoconfigure.orm.jpa.HibernateJpaConfiguration$$EnhancerBySpringCGLIB$$da9c6161.jpaVendorAdapter(<generated>)
	at sun.reflect.NativeMethodAccessorImpl.invoke0(Native Method)
	at sun.reflect.NativeMethodAccessorImpl.invoke(NativeMethodAccessorImpl.java:62)
	at sun.reflect.DelegatingMethodAccessorImpl.invoke(DelegatingMethodAccessorImpl.java:43)
	at java.lang.reflect.Method.invoke(Method.java:498)
	at org.springframework.beans.factory.support.SimpleInstantiationStrategy.instantiate(SimpleInstantiationStrategy.java:154)
	at org.springframework.beans.factory.support.ConstructorResolver.instantiateUsingFactoryMethod(ConstructorResolver.java:582)
	at org.springframework.beans.factory.support.AbstractAutowireCapableBeanFactory.instantiateUsingFactoryMethod(AbstractAutowireCapableBeanFactory.java:1247)
	at org.springframework.beans.factory.support.AbstractAutowireCapableBeanFactory.createBeanInstance(AbstractAutowireCapableBeanFactory.java:1096)
	at org.springframework.beans.factory.support.AbstractAutowireCapableBeanFactory.doCreateBean(AbstractAutowireCapableBeanFactory.java:535)
	at org.springframework.beans.factory.support.AbstractAutowireCapableBeanFactory.createBean(AbstractAutowireCapableBeanFactory.java:495)
	at org.springframework.beans.factory.support.AbstractBeanFactory.lambda$doGetBean$0(AbstractBeanFactory.java:317)
	at org.springframework.beans.factory.support.DefaultSingletonBeanRegistry.getSingleton(DefaultSingletonBeanRegistry.java:222)
	at org.springframework.beans.factory.support.AbstractBeanFactory.doGetBean(AbstractBeanFactory.java:315)
	at org.springframework.beans.factory.support.AbstractBeanFactory.getBean(AbstractBeanFactory.java:199)
	at org.springframework.beans.factory.config.DependencyDescriptor.resolveCandidate(DependencyDescriptor.java:251)
	at org.springframework.beans.factory.support.DefaultListableBeanFactory.doResolveDependency(DefaultListableBeanFactory.java:1135)
	at org.springframework.beans.factory.support.DefaultListableBeanFactory.resolveDependency(DefaultListableBeanFactory.java:1062)
	at org.springframework.beans.factory.support.ConstructorResolver.resolveAutowiredArgument(ConstructorResolver.java:818)
	at org.springframework.beans.factory.support.ConstructorResolver.createArgumentArray(ConstructorResolver.java:724)
	at org.springframework.beans.factory.support.ConstructorResolver.instantiateUsingFactoryMethod(ConstructorResolver.java:474)
	at org.springframework.beans.factory.support.AbstractAutowireCapableBeanFactory.instantiateUsingFactoryMethod(AbstractAutowireCapableBeanFactory.java:1247)
	at org.springframework.beans.factory.support.AbstractAutowireCapableBeanFactory.createBeanInstance(AbstractAutowireCapableBeanFactory.java:1096)
	at org.springframework.beans.factory.support.AbstractAutowireCapableBeanFactory.doCreateBean(AbstractAutowireCapableBeanFactory.java:535)
	at org.springframework.beans.factory.support.AbstractAutowireCapableBeanFactory.createBean(AbstractAutowireCapableBeanFactory.java:495)
	at org.springframework.beans.factory.support.AbstractBeanFactory.lambda$doGetBean$0(AbstractBeanFactory.java:317)
	at org.springframework.beans.factory.support.DefaultSingletonBeanRegistry.getSingleton(DefaultSingletonBeanRegistry.java:222)
	at org.springframework.beans.factory.support.AbstractBeanFactory.doGetBean(AbstractBeanFactory.java:315)
	at org.springframework.beans.factory.support.AbstractBeanFactory.getBean(AbstractBeanFactory.java:199)
	at org.springframework.beans.factory.config.DependencyDescriptor.resolveCandidate(DependencyDescriptor.java:251)
	at org.springframework.beans.factory.support.DefaultListableBeanFactory.doResolveDependency(DefaultListableBeanFactory.java:1135)
	at org.springframework.beans.factory.support.DefaultListableBeanFactory.resolveDependency(DefaultListableBeanFactory.java:1062)
	at org.springframework.beans.factory.support.ConstructorResolver.resolveAutowiredArgument(ConstructorResolver.java:818)
	at org.springframework.beans.factory.support.ConstructorResolver.createArgumentArray(ConstructorResolver.java:724)
	at org.springframework.beans.factory.support.ConstructorResolver.instantiateUsingFactoryMethod(ConstructorResolver.java:474)
	at org.springframework.beans.factory.support.AbstractAutowireCapableBeanFactory.instantiateUsingFactoryMethod(AbstractAutowireCapableBeanFactory.java:1247)
	at org.springframework.beans.factory.support.AbstractAutowireCapableBeanFactory.createBeanInstance(AbstractAutowireCapableBeanFactory.java:1096)
	at org.springframework.beans.factory.support.AbstractAutowireCapableBeanFactory.doCreateBean(AbstractAutowireCapableBeanFactory.java:535)
	at org.springframework.beans.factory.support.AbstractAutowireCapableBeanFactory.createBean(AbstractAutowireCapableBeanFactory.java:495)
	at org.springframework.beans.factory.support.AbstractBeanFactory.lambda$doGetBean$0(AbstractBeanFactory.java:317)
	at org.springframework.beans.factory.support.DefaultSingletonBeanRegistry.getSingleton(DefaultSingletonBeanRegistry.java:222)
	at org.springframework.beans.factory.support.AbstractBeanFactory.doGetBean(AbstractBeanFactory.java:315)
	at org.springframework.beans.factory.support.AbstractBeanFactory.getBean(AbstractBeanFactory.java:199)
	at org.springframework.context.support.AbstractApplicationContext.getBean(AbstractApplicationContext.java:1089)
	at org.springframework.context.support.AbstractApplicationContext.finishBeanFactoryInitialization(AbstractApplicationContext.java:859)
	at org.springframework.context.support.AbstractApplicationContext.refresh(AbstractApplicationContext.java:550)
	at org.springframework.boot.web.servlet.context.ServletWebServerApplicationContext.refresh(ServletWebServerApplicationContext.java:140)
	at org.springframework.boot.SpringApplication.refresh(SpringApplication.java:762)
	at org.springframework.boot.SpringApplication.refreshContext(SpringApplication.java:398)
	at org.springframework.boot.SpringApplication.run(SpringApplication.java:330)
	at com.userSrvc.server.ServerApplication.mySqlLocalSetup(ServerApplication.java:65)
	at com.userSrvc.server.ServerApplication.main(ServerApplication.java:83)
	at sun.reflect.NativeMethodAccessorImpl.invoke0(Native Method)
	at sun.reflect.NativeMethodAccessorImpl.invoke(NativeMethodAccessorImpl.java:62)
	at sun.reflect.DelegatingMethodAccessorImpl.invoke(DelegatingMethodAccessorImpl.java:43)
	at java.lang.reflect.Method.invoke(Method.java:498)
	at org.springframework.boot.loader.MainMethodRunner.run(MainMethodRunner.java:48)
	at org.springframework.boot.loader.Launcher.launch(Launcher.java:87)
	at org.springframework.boot.loader.Launcher.launch(Launcher.java:50)
	at org.springframework.boot.loader.JarLauncher.main(JarLauncher.java:51)
Caused by: org.springframework.jdbc.CannotGetJdbcConnectionException: Failed to obtain JDBC Connection; nested exception is com.mysql.jdbc.exceptions.jdbc4.MySQLNonTransientConnectionException: Could not create connection to database server. Attempted reconnect 3 times. Giving up.
	at org.springframework.jdbc.datasource.DataSourceUtils.getConnection(DataSourceUtils.java:81)
	at org.springframework.jdbc.support.JdbcUtils.extractDatabaseMetaData(JdbcUtils.java:319)
	... 68 common frames omitted
Caused by: com.mysql.jdbc.exceptions.jdbc4.MySQLNonTransientConnectionException: Could not create connection to database server. Attempted reconnect 3 times. Giving up.
	at sun.reflect.NativeConstructorAccessorImpl.newInstance0(Native Method)
	at sun.reflect.NativeConstructorAccessorImpl.newInstance(NativeConstructorAccessorImpl.java:62)
	at sun.reflect.DelegatingConstructorAccessorImpl.newInstance(DelegatingConstructorAccessorImpl.java:45)
	at java.lang.reflect.Constructor.newInstance(Constructor.java:423)
	at com.mysql.jdbc.Util.handleNewInstance(Util.java:425)
	at com.mysql.jdbc.Util.getInstance(Util.java:408)
	at com.mysql.jdbc.SQLError.createSQLException(SQLError.java:919)
	at com.mysql.jdbc.SQLError.createSQLException(SQLError.java:898)
	at com.mysql.jdbc.SQLError.createSQLException(SQLError.java:887)
	at com.mysql.jdbc.SQLError.createSQLException(SQLError.java:861)
	at com.mysql.jdbc.ConnectionImpl.connectWithRetries(ConnectionImpl.java:2105)
	at com.mysql.jdbc.ConnectionImpl.createNewIO(ConnectionImpl.java:2030)
	at com.mysql.jdbc.ConnectionImpl.<init>(ConnectionImpl.java:778)
	at com.mysql.jdbc.JDBC4Connection.<init>(JDBC4Connection.java:47)
	at sun.reflect.NativeConstructorAccessorImpl.newInstance0(Native Method)
	at sun.reflect.NativeConstructorAccessorImpl.newInstance(NativeConstructorAccessorImpl.java:62)
	at sun.reflect.DelegatingConstructorAccessorImpl.newInstance(DelegatingConstructorAccessorImpl.java:45)
	at java.lang.reflect.Constructor.newInstance(Constructor.java:423)
	at com.mysql.jdbc.Util.handleNewInstance(Util.java:425)
	at com.mysql.jdbc.ConnectionImpl.getInstance(ConnectionImpl.java:386)
	at com.mysql.jdbc.NonRegisteringDriver.connect(NonRegisteringDriver.java:330)
	at com.zaxxer.hikari.util.DriverDataSource.getConnection(DriverDataSource.java:117)
	at com.zaxxer.hikari.util.DriverDataSource.getConnection(DriverDataSource.java:123)
	at com.zaxxer.hikari.pool.PoolBase.newConnection(PoolBase.java:365)
	at com.zaxxer.hikari.pool.PoolBase.newPoolEntry(PoolBase.java:194)
	at com.zaxxer.hikari.pool.HikariPool.createPoolEntry(HikariPool.java:460)
	at com.zaxxer.hikari.pool.HikariPool.checkFailFast(HikariPool.java:534)
	at com.zaxxer.hikari.pool.HikariPool.<init>(HikariPool.java:115)
	at com.zaxxer.hikari.HikariDataSource.getConnection(HikariDataSource.java:112)
	at org.springframework.jdbc.datasource.DataSourceUtils.fetchConnection(DataSourceUtils.java:151)
	at org.springframework.jdbc.datasource.DataSourceUtils.doGetConnection(DataSourceUtils.java:115)
	at org.springframework.jdbc.datasource.DataSourceUtils.getConnection(DataSourceUtils.java:78)
	... 69 common frames omitted
Caused by: java.sql.SQLException: null,  message from server: "Host '32.215.159.32' is not allowed to connect to this MySQL server"
	at com.mysql.jdbc.SQLError.createSQLException(SQLError.java:965)
	at com.mysql.jdbc.SQLError.createSQLException(SQLError.java:898)
	at com.mysql.jdbc.SQLError.createSQLException(SQLError.java:887)
	at com.mysql.jdbc.MysqlIO.doHandshake(MysqlIO.java:1038)
	at com.mysql.jdbc.ConnectionImpl.coreConnect(ConnectionImpl.java:2199)
	at com.mysql.jdbc.ConnectionImpl.connectWithRetries(ConnectionImpl.java:2046)
	... 90 common frames omitted
2019-06-09|18:34:32.783 [main] INFO  com.zaxxer.hikari.HikariDataSource ~ HikariPool-1 - Starting...
2019-06-09|18:34:37.892 [main] ERROR com.zaxxer.hikari.pool.HikariPool ~ HikariPool-1 - Exception during pool initialization.
com.mysql.jdbc.exceptions.jdbc4.MySQLNonTransientConnectionException: Could not create connection to database server. Attempted reconnect 3 times. Giving up.
	at sun.reflect.NativeConstructorAccessorImpl.newInstance0(Native Method)
	at sun.reflect.NativeConstructorAccessorImpl.newInstance(NativeConstructorAccessorImpl.java:62)
	at sun.reflect.DelegatingConstructorAccessorImpl.newInstance(DelegatingConstructorAccessorImpl.java:45)
	at java.lang.reflect.Constructor.newInstance(Constructor.java:423)
	at com.mysql.jdbc.Util.handleNewInstance(Util.java:425)
	at com.mysql.jdbc.Util.getInstance(Util.java:408)
	at com.mysql.jdbc.SQLError.createSQLException(SQLError.java:919)
	at com.mysql.jdbc.SQLError.createSQLException(SQLError.java:898)
	at com.mysql.jdbc.SQLError.createSQLException(SQLError.java:887)
	at com.mysql.jdbc.SQLError.createSQLException(SQLError.java:861)
	at com.mysql.jdbc.ConnectionImpl.connectWithRetries(ConnectionImpl.java:2105)
	at com.mysql.jdbc.ConnectionImpl.createNewIO(ConnectionImpl.java:2030)
	at com.mysql.jdbc.ConnectionImpl.<init>(ConnectionImpl.java:778)
	at com.mysql.jdbc.JDBC4Connection.<init>(JDBC4Connection.java:47)
	at sun.reflect.NativeConstructorAccessorImpl.newInstance0(Native Method)
	at sun.reflect.NativeConstructorAccessorImpl.newInstance(NativeConstructorAccessorImpl.java:62)
	at sun.reflect.DelegatingConstructorAccessorImpl.newInstance(DelegatingConstructorAccessorImpl.java:45)
	at java.lang.reflect.Constructor.newInstance(Constructor.java:423)
	at com.mysql.jdbc.Util.handleNewInstance(Util.java:425)
	at com.mysql.jdbc.ConnectionImpl.getInstance(ConnectionImpl.java:386)
	at com.mysql.jdbc.NonRegisteringDriver.connect(NonRegisteringDriver.java:330)
	at com.zaxxer.hikari.util.DriverDataSource.getConnection(DriverDataSource.java:117)
	at com.zaxxer.hikari.util.DriverDataSource.getConnection(DriverDataSource.java:123)
	at com.zaxxer.hikari.pool.PoolBase.newConnection(PoolBase.java:365)
	at com.zaxxer.hikari.pool.PoolBase.newPoolEntry(PoolBase.java:194)
	at com.zaxxer.hikari.pool.HikariPool.createPoolEntry(HikariPool.java:460)
	at com.zaxxer.hikari.pool.HikariPool.checkFailFast(HikariPool.java:534)
	at com.zaxxer.hikari.pool.HikariPool.<init>(HikariPool.java:115)
	at com.zaxxer.hikari.HikariDataSource.getConnection(HikariDataSource.java:112)
	at org.springframework.jdbc.datasource.DataSourceUtils.fetchConnection(DataSourceUtils.java:151)
	at org.springframework.jdbc.datasource.DataSourceUtils.doGetConnection(DataSourceUtils.java:115)
	at org.springframework.jdbc.datasource.DataSourceUtils.getConnection(DataSourceUtils.java:78)
	at org.springframework.jdbc.core.JdbcTemplate.execute(JdbcTemplate.java:324)
	at org.springframework.boot.jdbc.EmbeddedDatabaseConnection.isEmbedded(EmbeddedDatabaseConnection.java:123)
	at org.springframework.boot.autoconfigure.orm.jpa.HibernateDefaultDdlAutoProvider.getDefaultDdlAuto(HibernateDefaultDdlAutoProvider.java:42)
	at org.springframework.boot.autoconfigure.orm.jpa.HibernateJpaConfiguration.lambda$getVendorProperties$0(HibernateJpaConfiguration.java:132)
	at org.springframework.boot.autoconfigure.orm.jpa.HibernateSettings.getDdlAuto(HibernateSettings.java:53)
	at org.springframework.boot.autoconfigure.orm.jpa.JpaProperties$Hibernate.determineDdlAuto(JpaProperties.java:247)
	at org.springframework.boot.autoconfigure.orm.jpa.JpaProperties$Hibernate.getAdditionalProperties(JpaProperties.java:216)
	at org.springframework.boot.autoconfigure.orm.jpa.JpaProperties$Hibernate.access$000(JpaProperties.java:169)
	at org.springframework.boot.autoconfigure.orm.jpa.JpaProperties.getHibernateProperties(JpaProperties.java:153)
	at org.springframework.boot.autoconfigure.orm.jpa.HibernateJpaConfiguration.getVendorProperties(HibernateJpaConfiguration.java:134)
	at org.springframework.boot.autoconfigure.orm.jpa.JpaBaseConfiguration.entityManagerFactory(JpaBaseConfiguration.java:135)
	at org.springframework.boot.autoconfigure.orm.jpa.HibernateJpaConfiguration$$EnhancerBySpringCGLIB$$da9c6161.CGLIB$entityManagerFactory$3(<generated>)
	at org.springframework.boot.autoconfigure.orm.jpa.HibernateJpaConfiguration$$EnhancerBySpringCGLIB$$da9c6161$$FastClassBySpringCGLIB$$8461ad6c.invoke(<generated>)
	at org.springframework.cglib.proxy.MethodProxy.invokeSuper(MethodProxy.java:228)
	at org.springframework.context.annotation.ConfigurationClassEnhancer$BeanMethodInterceptor.intercept(ConfigurationClassEnhancer.java:361)
	at org.springframework.boot.autoconfigure.orm.jpa.HibernateJpaConfiguration$$EnhancerBySpringCGLIB$$da9c6161.entityManagerFactory(<generated>)
	at sun.reflect.NativeMethodAccessorImpl.invoke0(Native Method)
	at sun.reflect.NativeMethodAccessorImpl.invoke(NativeMethodAccessorImpl.java:62)
	at sun.reflect.DelegatingMethodAccessorImpl.invoke(DelegatingMethodAccessorImpl.java:43)
	at java.lang.reflect.Method.invoke(Method.java:498)
	at org.springframework.beans.factory.support.SimpleInstantiationStrategy.instantiate(SimpleInstantiationStrategy.java:154)
	at org.springframework.beans.factory.support.ConstructorResolver.instantiateUsingFactoryMethod(ConstructorResolver.java:582)
	at org.springframework.beans.factory.support.AbstractAutowireCapableBeanFactory.instantiateUsingFactoryMethod(AbstractAutowireCapableBeanFactory.java:1247)
	at org.springframework.beans.factory.support.AbstractAutowireCapableBeanFactory.createBeanInstance(AbstractAutowireCapableBeanFactory.java:1096)
	at org.springframework.beans.factory.support.AbstractAutowireCapableBeanFactory.doCreateBean(AbstractAutowireCapableBeanFactory.java:535)
	at org.springframework.beans.factory.support.AbstractAutowireCapableBeanFactory.createBean(AbstractAutowireCapableBeanFactory.java:495)
	at org.springframework.beans.factory.support.AbstractBeanFactory.lambda$doGetBean$0(AbstractBeanFactory.java:317)
	at org.springframework.beans.factory.support.DefaultSingletonBeanRegistry.getSingleton(DefaultSingletonBeanRegistry.java:222)
	at org.springframework.beans.factory.support.AbstractBeanFactory.doGetBean(AbstractBeanFactory.java:315)
	at org.springframework.beans.factory.support.AbstractBeanFactory.getBean(AbstractBeanFactory.java:199)
	at org.springframework.context.support.AbstractApplicationContext.getBean(AbstractApplicationContext.java:1089)
	at org.springframework.context.support.AbstractApplicationContext.finishBeanFactoryInitialization(AbstractApplicationContext.java:859)
	at org.springframework.context.support.AbstractApplicationContext.refresh(AbstractApplicationContext.java:550)
	at org.springframework.boot.web.servlet.context.ServletWebServerApplicationContext.refresh(ServletWebServerApplicationContext.java:140)
	at org.springframework.boot.SpringApplication.refresh(SpringApplication.java:762)
	at org.springframework.boot.SpringApplication.refreshContext(SpringApplication.java:398)
	at org.springframework.boot.SpringApplication.run(SpringApplication.java:330)
	at com.userSrvc.server.ServerApplication.mySqlLocalSetup(ServerApplication.java:65)
	at com.userSrvc.server.ServerApplication.main(ServerApplication.java:83)
	at sun.reflect.NativeMethodAccessorImpl.invoke0(Native Method)
	at sun.reflect.NativeMethodAccessorImpl.invoke(NativeMethodAccessorImpl.java:62)
	at sun.reflect.DelegatingMethodAccessorImpl.invoke(DelegatingMethodAccessorImpl.java:43)
	at java.lang.reflect.Method.invoke(Method.java:498)
	at org.springframework.boot.loader.MainMethodRunner.run(MainMethodRunner.java:48)
	at org.springframework.boot.loader.Launcher.launch(Launcher.java:87)
	at org.springframework.boot.loader.Launcher.launch(Launcher.java:50)
	at org.springframework.boot.loader.JarLauncher.main(JarLauncher.java:51)
Caused by: java.sql.SQLException: null,  message from server: "Host '32.215.159.32' is not allowed to connect to this MySQL server"
	at com.mysql.jdbc.SQLError.createSQLException(SQLError.java:965)
	at com.mysql.jdbc.SQLError.createSQLException(SQLError.java:898)
	at com.mysql.jdbc.SQLError.createSQLException(SQLError.java:887)
	at com.mysql.jdbc.MysqlIO.doHandshake(MysqlIO.java:1038)
	at com.mysql.jdbc.ConnectionImpl.coreConnect(ConnectionImpl.java:2199)
	at com.mysql.jdbc.ConnectionImpl.connectWithRetries(ConnectionImpl.java:2046)
	... 68 common frames omitted
2019-06-09|18:34:37.936 [main] INFO  o.s.o.j.LocalContainerEntityManagerFactoryBean ~ Building JPA container EntityManagerFactory for persistence unit 'default'
2019-06-09|18:34:37.955 [main] DEBUG o.h.jpa.internal.util.LogHelper ~ PersistenceUnitInfo [
	name: default
	persistence provider classname: null
	classloader: org.springframework.boot.loader.LaunchedURLClassLoader@5010be6
	excludeUnlistedClasses: true
	JTA datasource: null
	Non JTA datasource: HikariDataSource (null)
	Transaction type: RESOURCE_LOCAL
	PU root URL: file:/home/jozsef/projects/UserServer/server/target/server-0.0.1-SNAPSHOT.jar
	Shared Cache Mode: UNSPECIFIED
	Validation Mode: AUTO
	Jar files URLs []
	Managed classes names [
		com.userSrvc.server.entities.UUser
		com.userSrvc.server.converter.IntBoolConverter
		com.userSrvc.server.entities.key.PhotoCompKey
		com.userSrvc.server.entities.UserPhoto
		com.userSrvc.server.converter.StringByteConverter
		com.userSrvc.server.entities.Remark]
	Mapping files names []
	Properties []
2019-06-09|18:34:37.973 [main] DEBUG o.h.i.internal.IntegratorServiceImpl ~ Adding Integrator [org.hibernate.cfg.beanvalidation.BeanValidationIntegrator].
2019-06-09|18:34:37.975 [main] DEBUG o.h.i.internal.IntegratorServiceImpl ~ Adding Integrator [org.hibernate.secure.spi.JaccIntegrator].
2019-06-09|18:34:37.979 [main] DEBUG o.h.i.internal.IntegratorServiceImpl ~ Adding Integrator [org.hibernate.cache.internal.CollectionCacheInvalidator].
2019-06-09|18:34:37.979 [main] DEBUG o.h.i.internal.IntegratorServiceImpl ~ Adding Integrator [org.hibernate.jpa.event.spi.JpaIntegrator].
2019-06-09|18:34:38.049 [main] INFO  org.hibernate.Version ~ HHH000412: Hibernate Core {5.2.17.Final}
2019-06-09|18:34:38.051 [main] INFO  org.hibernate.cfg.Environment ~ HHH000206: hibernate.properties not found
2019-06-09|18:34:38.065 [main] DEBUG o.h.service.spi.ServiceBinding ~ Overriding existing service binding [org.hibernate.secure.spi.JaccService]
2019-06-09|18:34:38.091 [main] DEBUG o.h.c.i.RegionFactoryInitiator ~ Cache region factory : org.hibernate.cache.internal.NoCachingRegionFactory
2019-06-09|18:34:38.102 [main] INFO  o.h.annotations.common.Version ~ HCANN000001: Hibernate Commons Annotations {5.0.1.Final}
2019-06-09|18:34:38.266 [main] DEBUG org.hibernate.type.BasicTypeRegistry ~ Adding type registration boolean -> org.hibernate.type.BooleanType@7d3d101b
2019-06-09|18:34:38.267 [main] DEBUG org.hibernate.type.BasicTypeRegistry ~ Adding type registration boolean -> org.hibernate.type.BooleanType@7d3d101b
2019-06-09|18:34:38.267 [main] DEBUG org.hibernate.type.BasicTypeRegistry ~ Adding type registration java.lang.Boolean -> org.hibernate.type.BooleanType@7d3d101b
2019-06-09|18:34:38.267 [main] DEBUG org.hibernate.type.BasicTypeRegistry ~ Adding type registration numeric_boolean -> org.hibernate.type.NumericBooleanType@30c8681
2019-06-09|18:34:38.268 [main] DEBUG org.hibernate.type.BasicTypeRegistry ~ Adding type registration true_false -> org.hibernate.type.TrueFalseType@5cdec700
2019-06-09|18:34:38.269 [main] DEBUG org.hibernate.type.BasicTypeRegistry ~ Adding type registration yes_no -> org.hibernate.type.YesNoType@6d026701
2019-06-09|18:34:38.270 [main] DEBUG org.hibernate.type.BasicTypeRegistry ~ Adding type registration byte -> org.hibernate.type.ByteType@78aa1f72
2019-06-09|18:34:38.270 [main] DEBUG org.hibernate.type.BasicTypeRegistry ~ Adding type registration byte -> org.hibernate.type.ByteType@78aa1f72
2019-06-09|18:34:38.270 [main] DEBUG org.hibernate.type.BasicTypeRegistry ~ Adding type registration java.lang.Byte -> org.hibernate.type.ByteType@78aa1f72
2019-06-09|18:34:38.271 [main] DEBUG org.hibernate.type.BasicTypeRegistry ~ Adding type registration character -> org.hibernate.type.CharacterType@1f75a668
2019-06-09|18:34:38.271 [main] DEBUG org.hibernate.type.BasicTypeRegistry ~ Adding type registration char -> org.hibernate.type.CharacterType@1f75a668
2019-06-09|18:34:38.272 [main] DEBUG org.hibernate.type.BasicTypeRegistry ~ Adding type registration java.lang.Character -> org.hibernate.type.CharacterType@1f75a668
2019-06-09|18:34:38.273 [main] DEBUG org.hibernate.type.BasicTypeRegistry ~ Adding type registration short -> org.hibernate.type.ShortType@35399441
2019-06-09|18:34:38.273 [main] DEBUG org.hibernate.type.BasicTypeRegistry ~ Adding type registration short -> org.hibernate.type.ShortType@35399441
2019-06-09|18:34:38.273 [main] DEBUG org.hibernate.type.BasicTypeRegistry ~ Adding type registration java.lang.Short -> org.hibernate.type.ShortType@35399441
2019-06-09|18:34:38.274 [main] DEBUG org.hibernate.type.BasicTypeRegistry ~ Adding type registration integer -> org.hibernate.type.IntegerType@4b7dc788
2019-06-09|18:34:38.274 [main] DEBUG org.hibernate.type.BasicTypeRegistry ~ Adding type registration int -> org.hibernate.type.IntegerType@4b7dc788
2019-06-09|18:34:38.274 [main] DEBUG org.hibernate.type.BasicTypeRegistry ~ Adding type registration java.lang.Integer -> org.hibernate.type.IntegerType@4b7dc788
2019-06-09|18:34:38.275 [main] DEBUG org.hibernate.type.BasicTypeRegistry ~ Adding type registration long -> org.hibernate.type.LongType@6304101a
2019-06-09|18:34:38.276 [main] DEBUG org.hibernate.type.BasicTypeRegistry ~ Adding type registration long -> org.hibernate.type.LongType@6304101a
2019-06-09|18:34:38.276 [main] DEBUG org.hibernate.type.BasicTypeRegistry ~ Adding type registration java.lang.Long -> org.hibernate.type.LongType@6304101a
2019-06-09|18:34:38.277 [main] DEBUG org.hibernate.type.BasicTypeRegistry ~ Adding type registration float -> org.hibernate.type.FloatType@5170bcf4
2019-06-09|18:34:38.277 [main] DEBUG org.hibernate.type.BasicTypeRegistry ~ Adding type registration float -> org.hibernate.type.FloatType@5170bcf4
2019-06-09|18:34:38.277 [main] DEBUG org.hibernate.type.BasicTypeRegistry ~ Adding type registration java.lang.Float -> org.hibernate.type.FloatType@5170bcf4
2019-06-09|18:34:38.278 [main] DEBUG org.hibernate.type.BasicTypeRegistry ~ Adding type registration double -> org.hibernate.type.DoubleType@2812b107
2019-06-09|18:34:38.278 [main] DEBUG org.hibernate.type.BasicTypeRegistry ~ Adding type registration double -> org.hibernate.type.DoubleType@2812b107
2019-06-09|18:34:38.279 [main] DEBUG org.hibernate.type.BasicTypeRegistry ~ Adding type registration java.lang.Double -> org.hibernate.type.DoubleType@2812b107
2019-06-09|18:34:38.280 [main] DEBUG org.hibernate.type.BasicTypeRegistry ~ Adding type registration big_decimal -> org.hibernate.type.BigDecimalType@df6620a
2019-06-09|18:34:38.280 [main] DEBUG org.hibernate.type.BasicTypeRegistry ~ Adding type registration java.math.BigDecimal -> org.hibernate.type.BigDecimalType@df6620a
2019-06-09|18:34:38.281 [main] DEBUG org.hibernate.type.BasicTypeRegistry ~ Adding type registration big_integer -> org.hibernate.type.BigIntegerType@4e31276e
2019-06-09|18:34:38.281 [main] DEBUG org.hibernate.type.BasicTypeRegistry ~ Adding type registration java.math.BigInteger -> org.hibernate.type.BigIntegerType@4e31276e
2019-06-09|18:34:38.282 [main] DEBUG org.hibernate.type.BasicTypeRegistry ~ Adding type registration string -> org.hibernate.type.StringType@1a72a540
2019-06-09|18:34:38.282 [main] DEBUG org.hibernate.type.BasicTypeRegistry ~ Adding type registration java.lang.String -> org.hibernate.type.StringType@1a72a540
2019-06-09|18:34:38.283 [main] DEBUG org.hibernate.type.BasicTypeRegistry ~ Adding type registration nstring -> org.hibernate.type.StringNVarcharType@27d5a580
2019-06-09|18:34:38.283 [main] DEBUG org.hibernate.type.BasicTypeRegistry ~ Adding type registration ncharacter -> org.hibernate.type.CharacterNCharType@198d6542
2019-06-09|18:34:38.284 [main] DEBUG org.hibernate.type.BasicTypeRegistry ~ Adding type registration url -> org.hibernate.type.UrlType@5e403b4a
2019-06-09|18:34:38.284 [main] DEBUG org.hibernate.type.BasicTypeRegistry ~ Adding type registration java.net.URL -> org.hibernate.type.UrlType@5e403b4a
2019-06-09|18:34:38.285 [main] DEBUG org.hibernate.type.BasicTypeRegistry ~ Adding type registration Duration -> org.hibernate.type.DurationType@5117dd67
2019-06-09|18:34:38.285 [main] DEBUG org.hibernate.type.BasicTypeRegistry ~ Adding type registration java.time.Duration -> org.hibernate.type.DurationType@5117dd67
2019-06-09|18:34:38.287 [main] DEBUG org.hibernate.type.BasicTypeRegistry ~ Adding type registration Instant -> org.hibernate.type.InstantType@5be49b60
2019-06-09|18:34:38.287 [main] DEBUG org.hibernate.type.BasicTypeRegistry ~ Adding type registration java.time.Instant -> org.hibernate.type.InstantType@5be49b60
2019-06-09|18:34:38.288 [main] DEBUG org.hibernate.type.BasicTypeRegistry ~ Adding type registration LocalDateTime -> org.hibernate.type.LocalDateTimeType@2931522b
2019-06-09|18:34:38.288 [main] DEBUG org.hibernate.type.BasicTypeRegistry ~ Adding type registration java.time.LocalDateTime -> org.hibernate.type.LocalDateTimeType@2931522b
2019-06-09|18:34:38.289 [main] DEBUG org.hibernate.type.BasicTypeRegistry ~ Adding type registration LocalDate -> org.hibernate.type.LocalDateType@7674b62c
2019-06-09|18:34:38.289 [main] DEBUG org.hibernate.type.BasicTypeRegistry ~ Adding type registration java.time.LocalDate -> org.hibernate.type.LocalDateType@7674b62c
2019-06-09|18:34:38.290 [main] DEBUG org.hibernate.type.BasicTypeRegistry ~ Adding type registration LocalTime -> org.hibernate.type.LocalTimeType@19e7a160
2019-06-09|18:34:38.291 [main] DEBUG org.hibernate.type.BasicTypeRegistry ~ Adding type registration java.time.LocalTime -> org.hibernate.type.LocalTimeType@19e7a160
2019-06-09|18:34:38.292 [main] DEBUG org.hibernate.type.BasicTypeRegistry ~ Adding type registration OffsetDateTime -> org.hibernate.type.OffsetDateTimeType@662706a7
2019-06-09|18:34:38.292 [main] DEBUG org.hibernate.type.BasicTypeRegistry ~ Adding type registration java.time.OffsetDateTime -> org.hibernate.type.OffsetDateTimeType@662706a7
2019-06-09|18:34:38.293 [main] DEBUG org.hibernate.type.BasicTypeRegistry ~ Adding type registration OffsetTime -> org.hibernate.type.OffsetTimeType@45a4b042
2019-06-09|18:34:38.293 [main] DEBUG org.hibernate.type.BasicTypeRegistry ~ Adding type registration java.time.OffsetTime -> org.hibernate.type.OffsetTimeType@45a4b042
2019-06-09|18:34:38.295 [main] DEBUG org.hibernate.type.BasicTypeRegistry ~ Adding type registration ZonedDateTime -> org.hibernate.type.ZonedDateTimeType@3406472c
2019-06-09|18:34:38.295 [main] DEBUG org.hibernate.type.BasicTypeRegistry ~ Adding type registration java.time.ZonedDateTime -> org.hibernate.type.ZonedDateTimeType@3406472c
2019-06-09|18:34:38.296 [main] DEBUG org.hibernate.type.BasicTypeRegistry ~ Adding type registration date -> org.hibernate.type.DateType@5717c37
2019-06-09|18:34:38.297 [main] DEBUG org.hibernate.type.BasicTypeRegistry ~ Adding type registration java.sql.Date -> org.hibernate.type.DateType@5717c37
2019-06-09|18:34:38.298 [main] DEBUG org.hibernate.type.BasicTypeRegistry ~ Adding type registration time -> org.hibernate.type.TimeType@68f4865
2019-06-09|18:34:38.298 [main] DEBUG org.hibernate.type.BasicTypeRegistry ~ Adding type registration java.sql.Time -> org.hibernate.type.TimeType@68f4865
2019-06-09|18:34:38.299 [main] DEBUG org.hibernate.type.BasicTypeRegistry ~ Adding type registration timestamp -> org.hibernate.type.TimestampType@4816278d
2019-06-09|18:34:38.299 [main] DEBUG org.hibernate.type.BasicTypeRegistry ~ Adding type registration java.sql.Timestamp -> org.hibernate.type.TimestampType@4816278d
2019-06-09|18:34:38.299 [main] DEBUG org.hibernate.type.BasicTypeRegistry ~ Adding type registration java.util.Date -> org.hibernate.type.TimestampType@4816278d
2019-06-09|18:34:38.300 [main] DEBUG org.hibernate.type.BasicTypeRegistry ~ Adding type registration dbtimestamp -> org.hibernate.type.DbTimestampType@4eaf3684
2019-06-09|18:34:38.301 [main] DEBUG org.hibernate.type.BasicTypeRegistry ~ Adding type registration calendar -> org.hibernate.type.CalendarType@40317ba2
2019-06-09|18:34:38.301 [main] DEBUG org.hibernate.type.BasicTypeRegistry ~ Adding type registration java.util.Calendar -> org.hibernate.type.CalendarType@40317ba2
2019-06-09|18:34:38.301 [main] DEBUG org.hibernate.type.BasicTypeRegistry ~ Adding type registration java.util.GregorianCalendar -> org.hibernate.type.CalendarType@40317ba2
2019-06-09|18:34:38.302 [main] DEBUG org.hibernate.type.BasicTypeRegistry ~ Adding type registration calendar_date -> org.hibernate.type.CalendarDateType@3c01cfa1
2019-06-09|18:34:38.303 [main] DEBUG org.hibernate.type.BasicTypeRegistry ~ Adding type registration locale -> org.hibernate.type.LocaleType@45d2ade3
2019-06-09|18:34:38.303 [main] DEBUG org.hibernate.type.BasicTypeRegistry ~ Adding type registration java.util.Locale -> org.hibernate.type.LocaleType@45d2ade3
2019-06-09|18:34:38.303 [main] DEBUG org.hibernate.type.BasicTypeRegistry ~ Adding type registration currency -> org.hibernate.type.CurrencyType@727eb8cb
2019-06-09|18:34:38.304 [main] DEBUG org.hibernate.type.BasicTypeRegistry ~ Adding type registration java.util.Currency -> org.hibernate.type.CurrencyType@727eb8cb
2019-06-09|18:34:38.304 [main] DEBUG org.hibernate.type.BasicTypeRegistry ~ Adding type registration timezone -> org.hibernate.type.TimeZoneType@39d9314d
2019-06-09|18:34:38.304 [main] DEBUG org.hibernate.type.BasicTypeRegistry ~ Adding type registration java.util.TimeZone -> org.hibernate.type.TimeZoneType@39d9314d
2019-06-09|18:34:38.305 [main] DEBUG org.hibernate.type.BasicTypeRegistry ~ Adding type registration class -> org.hibernate.type.ClassType@b978d10
2019-06-09|18:34:38.305 [main] DEBUG org.hibernate.type.BasicTypeRegistry ~ Adding type registration java.lang.Class -> org.hibernate.type.ClassType@b978d10
2019-06-09|18:34:38.306 [main] DEBUG org.hibernate.type.BasicTypeRegistry ~ Adding type registration uuid-binary -> org.hibernate.type.UUIDBinaryType@5b7a8434
2019-06-09|18:34:38.307 [main] DEBUG org.hibernate.type.BasicTypeRegistry ~ Adding type registration java.util.UUID -> org.hibernate.type.UUIDBinaryType@5b7a8434
2019-06-09|18:34:38.307 [main] DEBUG org.hibernate.type.BasicTypeRegistry ~ Adding type registration uuid-char -> org.hibernate.type.UUIDCharType@5c45d770
2019-06-09|18:34:38.308 [main] DEBUG org.hibernate.type.BasicTypeRegistry ~ Adding type registration binary -> org.hibernate.type.BinaryType@2ce6c6ec
2019-06-09|18:34:38.308 [main] DEBUG org.hibernate.type.BasicTypeRegistry ~ Adding type registration byte[] -> org.hibernate.type.BinaryType@2ce6c6ec
2019-06-09|18:34:38.308 [main] DEBUG org.hibernate.type.BasicTypeRegistry ~ Adding type registration [B -> org.hibernate.type.BinaryType@2ce6c6ec
2019-06-09|18:34:38.309 [main] DEBUG org.hibernate.type.BasicTypeRegistry ~ Adding type registration wrapper-binary -> org.hibernate.type.WrapperBinaryType@1bae316d
2019-06-09|18:34:38.310 [main] DEBUG org.hibernate.type.BasicTypeRegistry ~ Adding type registration Byte[] -> org.hibernate.type.WrapperBinaryType@1bae316d
2019-06-09|18:34:38.310 [main] DEBUG org.hibernate.type.BasicTypeRegistry ~ Adding type registration [Ljava.lang.Byte; -> org.hibernate.type.WrapperBinaryType@1bae316d
2019-06-09|18:34:38.311 [main] DEBUG org.hibernate.type.BasicTypeRegistry ~ Adding type registration row_version -> org.hibernate.type.RowVersionType@147a5d08
2019-06-09|18:34:38.311 [main] DEBUG org.hibernate.type.BasicTypeRegistry ~ Adding type registration image -> org.hibernate.type.ImageType@6676f6a0
2019-06-09|18:34:38.312 [main] DEBUG org.hibernate.type.BasicTypeRegistry ~ Adding type registration characters -> org.hibernate.type.CharArrayType@7cbd9d24
2019-06-09|18:34:38.312 [main] DEBUG org.hibernate.type.BasicTypeRegistry ~ Adding type registration char[] -> org.hibernate.type.CharArrayType@7cbd9d24
2019-06-09|18:34:38.312 [main] DEBUG org.hibernate.type.BasicTypeRegistry ~ Adding type registration [C -> org.hibernate.type.CharArrayType@7cbd9d24
2019-06-09|18:34:38.313 [main] DEBUG org.hibernate.type.BasicTypeRegistry ~ Adding type registration wrapper-characters -> org.hibernate.type.CharacterArrayType@1672fe87
2019-06-09|18:34:38.313 [main] DEBUG org.hibernate.type.BasicTypeRegistry ~ Adding type registration [Ljava.lang.Character; -> org.hibernate.type.CharacterArrayType@1672fe87
2019-06-09|18:34:38.313 [main] DEBUG org.hibernate.type.BasicTypeRegistry ~ Adding type registration Character[] -> org.hibernate.type.CharacterArrayType@1672fe87
2019-06-09|18:34:38.314 [main] DEBUG org.hibernate.type.BasicTypeRegistry ~ Adding type registration text -> org.hibernate.type.TextType@5026735c
2019-06-09|18:34:38.315 [main] DEBUG org.hibernate.type.BasicTypeRegistry ~ Adding type registration ntext -> org.hibernate.type.NTextType@1b45c0e
2019-06-09|18:34:38.318 [main] DEBUG org.hibernate.type.BasicTypeRegistry ~ Adding type registration blob -> org.hibernate.type.BlobType@11f0a5a1
2019-06-09|18:34:38.318 [main] DEBUG org.hibernate.type.BasicTypeRegistry ~ Adding type registration java.sql.Blob -> org.hibernate.type.BlobType@11f0a5a1
2019-06-09|18:34:38.319 [main] DEBUG org.hibernate.type.BasicTypeRegistry ~ Adding type registration materialized_blob -> org.hibernate.type.MaterializedBlobType@10f7f7de
2019-06-09|18:34:38.322 [main] DEBUG org.hibernate.type.BasicTypeRegistry ~ Adding type registration clob -> org.hibernate.type.ClobType@73a8da0f
2019-06-09|18:34:38.322 [main] DEBUG org.hibernate.type.BasicTypeRegistry ~ Adding type registration java.sql.Clob -> org.hibernate.type.ClobType@73a8da0f
2019-06-09|18:34:38.324 [main] DEBUG org.hibernate.type.BasicTypeRegistry ~ Adding type registration nclob -> org.hibernate.type.NClobType@50dfbc58
2019-06-09|18:34:38.324 [main] DEBUG org.hibernate.type.BasicTypeRegistry ~ Adding type registration java.sql.NClob -> org.hibernate.type.NClobType@50dfbc58
2019-06-09|18:34:38.325 [main] DEBUG org.hibernate.type.BasicTypeRegistry ~ Adding type registration materialized_clob -> org.hibernate.type.MaterializedClobType@4416d64f
2019-06-09|18:34:38.325 [main] DEBUG org.hibernate.type.BasicTypeRegistry ~ Adding type registration materialized_nclob -> org.hibernate.type.MaterializedNClobType@6bf08014
2019-06-09|18:34:38.326 [main] DEBUG org.hibernate.type.BasicTypeRegistry ~ Adding type registration serializable -> org.hibernate.type.SerializableType@5e3d57c7
2019-06-09|18:34:38.329 [main] DEBUG org.hibernate.type.BasicTypeRegistry ~ Adding type registration object -> org.hibernate.type.ObjectType@732d0d24
2019-06-09|18:34:38.330 [main] DEBUG org.hibernate.type.BasicTypeRegistry ~ Adding type registration java.lang.Object -> org.hibernate.type.ObjectType@732d0d24
2019-06-09|18:34:38.330 [main] DEBUG org.hibernate.type.BasicTypeRegistry ~ Adding type registration imm_date -> org.hibernate.type.AdaptedImmutableType@1fb19a0
2019-06-09|18:34:38.330 [main] DEBUG org.hibernate.type.BasicTypeRegistry ~ Adding type registration imm_time -> org.hibernate.type.AdaptedImmutableType@6ee4d9ab
2019-06-09|18:34:38.330 [main] DEBUG org.hibernate.type.BasicTypeRegistry ~ Adding type registration imm_timestamp -> org.hibernate.type.AdaptedImmutableType@5a5338df
2019-06-09|18:34:38.330 [main] DEBUG org.hibernate.type.BasicTypeRegistry ~ Adding type registration imm_dbtimestamp -> org.hibernate.type.AdaptedImmutableType@418c5a9c
2019-06-09|18:34:38.330 [main] DEBUG org.hibernate.type.BasicTypeRegistry ~ Adding type registration imm_calendar -> org.hibernate.type.AdaptedImmutableType@18e36d14
2019-06-09|18:34:38.330 [main] DEBUG org.hibernate.type.BasicTypeRegistry ~ Adding type registration imm_calendar_date -> org.hibernate.type.AdaptedImmutableType@5082d622
2019-06-09|18:34:38.331 [main] DEBUG org.hibernate.type.BasicTypeRegistry ~ Adding type registration imm_binary -> org.hibernate.type.AdaptedImmutableType@13d4992d
2019-06-09|18:34:38.331 [main] DEBUG org.hibernate.type.BasicTypeRegistry ~ Adding type registration imm_serializable -> org.hibernate.type.AdaptedImmutableType@302f7971
2019-06-09|18:34:38.338 [main] INFO  com.zaxxer.hikari.HikariDataSource ~ HikariPool-1 - Starting...
